<?xml version="1.0" encoding="UTF-8"?>
<!-- Generated by org.testng.reporters.JUnitReportReporter -->
<testsuite hostname="DESKTOP-F5B8GGK" failures="0" tests="2" name="com.stepGeneratorclass.Bdd_assi9" time="10.790" errors="0" timestamp="2021-03-10T18:27:18 IST" skipped="0">
  <testcase classname="com.stepGeneratorclass.Bdd_assi9" name="f" time="8.325"/>
  <system-out/>
  <testcase classname="com.stepGeneratorclass.Bdd_assi9" name="f" time="2.465"/>
  <system-out/>
</testsuite> <!-- com.stepGeneratorclass.Bdd_assi9 -->
