<?xml version="1.0" encoding="UTF-8"?>
<!-- Generated by org.testng.reporters.JUnitReportReporter -->
<testsuite hostname="DESKTOP-F5B8GGK" failures="0" tests="2" name="com.stepGeneratorclass.Bdd_assi10" time="6.377" errors="0" timestamp="2021-03-10T18:38:39 IST" skipped="0">
  <testcase classname="com.stepGeneratorclass.Bdd_assi10" name="f" time="5.667"/>
  <system-out>
    <![CDATA[this is string]]>
  </system-out>
  <testcase classname="com.stepGeneratorclass.Bdd_assi10" name="f" time="0.710"/>
  <system-out>
    <![CDATA[this is string]]>
  </system-out>
</testsuite> <!-- com.stepGeneratorclass.Bdd_assi10 -->
