<?xml version="1.0" encoding="UTF-8"?>
<!-- Generated by org.testng.reporters.JUnitReportReporter -->
<testsuite hostname="DESKTOP-F5B8GGK" failures="0" tests="2" name="com.testngRunnerClass.TestngRunnerClass" time="8.966" errors="0" timestamp="2021-03-09T17:21:56 IST" skipped="0">
  <testcase classname="com.testngRunnerClass.TestngRunnerClass" name="f" time="0.006"/>
  <system-out>
    <![CDATA[this is string]]>
  </system-out>
  <testcase classname="com.testngRunnerClass.TestngRunnerClass" name="runScenario" time="8.960"/>
  <system-out/>
</testsuite> <!-- com.testngRunnerClass.TestngRunnerClass -->
