<?xml version="1.0" encoding="UTF-8"?>
<!-- Generated by org.testng.reporters.JUnitReportReporter -->
<testsuite hostname="DESKTOP-F5B8GGK" failures="0" tests="2" name="com.testngRunnerClass.TestngRunnerClass" time="6.847" errors="0" timestamp="2021-03-09T20:02:21 IST" skipped="0">
  <testcase classname="com.testngRunnerClass.TestngRunnerClass" name="runScenario" time="6.834"/>
  <system-out/>
  <testcase classname="com.testngRunnerClass.TestngRunnerClass" name="f" time="0.013"/>
  <system-out>
    <![CDATA[this is string]]>
  </system-out>
</testsuite> <!-- com.testngRunnerClass.TestngRunnerClass -->
